

Started GET "/" for ::1 at 2016-03-18 11:21:04 +0100
Processing by Rails::WelcomeController#index as HTML
  Rendered /Users/luise/.rvm/gems/ruby-2.2.1/gems/railties-4.2.5/lib/rails/templates/rails/welcome/index.html.erb (1.5ms)
Completed 200 OK in 15ms (Views: 8.3ms | ActiveRecord: 0.0ms)


Started GET "/" for ::1 at 2016-03-18 11:29:50 +0100
Processing by Rails::WelcomeController#index as HTML
  Rendered /Users/luise/.rvm/gems/ruby-2.2.1/gems/railties-4.2.5/lib/rails/templates/rails/welcome/index.html.erb (0.3ms)
Completed 200 OK in 3ms (Views: 2.6ms | ActiveRecord: 0.0ms)


Started GET "/welcome/index" for ::1 at 2016-03-18 11:30:06 +0100
Processing by WelcomeController#index as HTML
  Rendered welcome/index.html.erb within layouts/application (8.9ms)
Completed 500 Internal Server Error in 14ms (ActiveRecord: 0.0ms)

ActionView::Template::Error (undefined local variable or method `new_user_session_path' for #<#<Class:0x007fb1c19094d8>:0x007fb1c18f84f8>):
    1: <div class="jumbotron">
    2:   <h1>Myvids!</h1>
    3:   <p>
    4:     <%= link_to "Sign In", new_user_session_path, class: 'btn btn-primary' %>
    5:     <%= link_to "Sign Up", new_user_registration_path, class: 'btn btn-primary' %> 
    6:   </p>
    7: </div>
  app/views/welcome/index.html.erb:4:in `_app_views_welcome_index_html_erb__214186623280604399_70200716777140'


  Rendered /Users/luise/.rvm/gems/ruby-2.2.1/gems/actionpack-4.2.5/lib/action_dispatch/middleware/templates/rescues/_source.erb (5.7ms)
  Rendered /Users/luise/.rvm/gems/ruby-2.2.1/gems/actionpack-4.2.5/lib/action_dispatch/middleware/templates/rescues/_trace.html.erb (2.4ms)
  Rendered /Users/luise/.rvm/gems/ruby-2.2.1/gems/actionpack-4.2.5/lib/action_dispatch/middleware/templates/rescues/_request_and_response.html.erb (0.9ms)
  Rendered /Users/luise/.rvm/gems/ruby-2.2.1/gems/actionpack-4.2.5/lib/action_dispatch/middleware/templates/rescues/template_error.html.erb within rescues/layout (50.3ms)


Started GET "/" for ::1 at 2016-03-18 11:31:30 +0100
Processing by WelcomeController#index as HTML
  Rendered welcome/index.html.erb within layouts/application (5.7ms)
Completed 500 Internal Server Error in 10ms (ActiveRecord: 0.0ms)

ActionView::Template::Error (undefined local variable or method `new_user_session_path' for #<#<Class:0x007fb1bcc44198>:0x007fb1bcc27e58>):
    1: <div class="jumbotron">
    2:   <h1>Myvids!</h1>
    3:   <p>
    4:     <%= link_to "Sign In", new_user_session_path, class: 'btn btn-primary' %>
    5:     <%= link_to "Sign Up", new_user_registration_path, class: 'btn btn-primary' %> 
    6:   </p>
    7: </div>
  app/views/welcome/index.html.erb:4:in `_app_views_welcome_index_html_erb__214186623280604399_70200716777140'


  Rendered /Users/luise/.rvm/gems/ruby-2.2.1/gems/actionpack-4.2.5/lib/action_dispatch/middleware/templates/rescues/_source.erb (6.1ms)
  Rendered /Users/luise/.rvm/gems/ruby-2.2.1/gems/actionpack-4.2.5/lib/action_dispatch/middleware/templates/rescues/_trace.html.erb (2.3ms)
  Rendered /Users/luise/.rvm/gems/ruby-2.2.1/gems/actionpack-4.2.5/lib/action_dispatch/middleware/templates/rescues/_request_and_response.html.erb (0.7ms)
  Rendered /Users/luise/.rvm/gems/ruby-2.2.1/gems/actionpack-4.2.5/lib/action_dispatch/middleware/templates/rescues/template_error.html.erb within rescues/layout (47.7ms)


Started GET "/" for ::1 at 2016-03-18 11:31:31 +0100
Processing by WelcomeController#index as HTML
  Rendered welcome/index.html.erb within layouts/application (7.7ms)
Completed 500 Internal Server Error in 13ms (ActiveRecord: 0.0ms)

ActionView::Template::Error (undefined local variable or method `new_user_session_path' for #<#<Class:0x007fb1bcc44198>:0x007fb1bcf58500>):
    1: <div class="jumbotron">
    2:   <h1>Myvids!</h1>
    3:   <p>
    4:     <%= link_to "Sign In", new_user_session_path, class: 'btn btn-primary' %>
    5:     <%= link_to "Sign Up", new_user_registration_path, class: 'btn btn-primary' %> 
    6:   </p>
    7: </div>
  app/views/welcome/index.html.erb:4:in `_app_views_welcome_index_html_erb__214186623280604399_70200716777140'


  Rendered /Users/luise/.rvm/gems/ruby-2.2.1/gems/actionpack-4.2.5/lib/action_dispatch/middleware/templates/rescues/_source.erb (5.7ms)
  Rendered /Users/luise/.rvm/gems/ruby-2.2.1/gems/actionpack-4.2.5/lib/action_dispatch/middleware/templates/rescues/_trace.html.erb (2.3ms)
  Rendered /Users/luise/.rvm/gems/ruby-2.2.1/gems/actionpack-4.2.5/lib/action_dispatch/middleware/templates/rescues/_request_and_response.html.erb (0.7ms)
  Rendered /Users/luise/.rvm/gems/ruby-2.2.1/gems/actionpack-4.2.5/lib/action_dispatch/middleware/templates/rescues/template_error.html.erb within rescues/layout (44.8ms)


Started GET "/" for ::1 at 2016-03-18 11:31:45 +0100
Processing by WelcomeController#index as HTML
  Rendered welcome/index.html.erb within layouts/application (6.2ms)
Completed 500 Internal Server Error in 9ms (ActiveRecord: 0.0ms)

ActionView::Template::Error (undefined local variable or method `new_user_session_path' for #<#<Class:0x007fb1bcc44198>:0x007fb1bb2ddab0>):
    1: <div class="jumbotron">
    2:   <h1>Myvids!</h1>
    3:   <!-- <p>
    4:     <%= link_to "Sign In", new_user_session_path, class: 'btn btn-primary' %>
    5:     <%= link_to "Sign Up", new_user_registration_path, class: 'btn btn-primary' %>
    6:   </p> -->
    7: </div>
  app/views/welcome/index.html.erb:4:in `_app_views_welcome_index_html_erb__214186623280604399_70200663128240'


  Rendered /Users/luise/.rvm/gems/ruby-2.2.1/gems/actionpack-4.2.5/lib/action_dispatch/middleware/templates/rescues/_source.erb (5.8ms)
  Rendered /Users/luise/.rvm/gems/ruby-2.2.1/gems/actionpack-4.2.5/lib/action_dispatch/middleware/templates/rescues/_trace.html.erb (2.6ms)
  Rendered /Users/luise/.rvm/gems/ruby-2.2.1/gems/actionpack-4.2.5/lib/action_dispatch/middleware/templates/rescues/_request_and_response.html.erb (0.7ms)
  Rendered /Users/luise/.rvm/gems/ruby-2.2.1/gems/actionpack-4.2.5/lib/action_dispatch/middleware/templates/rescues/template_error.html.erb within rescues/layout (45.7ms)


Started GET "/" for ::1 at 2016-03-18 11:32:25 +0100
Processing by WelcomeController#index as HTML
  Rendered welcome/index.html.erb within layouts/application (0.2ms)
Completed 200 OK in 1381ms (Views: 1381.2ms | ActiveRecord: 0.0ms)


Started GET "/assets/application.self-e80e8f2318043e8af94dddc2adad5a4f09739a8ebb323b3ab31cd71d45fd9113.css?body=1" for ::1 at 2016-03-18 11:32:26 +0100


Started GET "/assets/application.self-3b8dabdc891efe46b9a144b400ad69e37d7e5876bdc39dee783419a69d7ca819.js?body=1" for ::1 at 2016-03-18 11:32:26 +0100


Started GET "/assets/jquery.self-660adc51e0224b731d29f575a6f1ec167ba08ad06ed5deca4f1e8654c135bf4c.js?body=1" for ::1 at 2016-03-18 11:32:26 +0100


Started GET "/assets/welcome.self-877aef30ae1b040ab8a3aba4e3e309a11d7f2612f44dde450b5c157aa5f95c05.js?body=1" for ::1 at 2016-03-18 11:32:26 +0100


Started GET "/assets/welcome.self-e3b0c44298fc1c149afbf4c8996fb92427ae41e4649b934ca495991b7852b855.css?body=1" for ::1 at 2016-03-18 11:32:26 +0100


Started GET "/assets/jquery_ujs.self-e87806d0cf4489aeb1bb7288016024e8de67fd18db693fe026fe3907581e53cd.js?body=1" for ::1 at 2016-03-18 11:32:26 +0100


Started GET "/assets/turbolinks.self-c37727e9bd6b2735da5c311aa83fead54ed0be6cc8bd9a65309e9c5abe2cbfff.js?body=1" for ::1 at 2016-03-18 11:32:26 +0100


Started GET "/" for ::1 at 2016-03-18 11:49:42 +0100
Processing by WelcomeController#index as HTML
  Rendered welcome/index.html.erb within layouts/application (0.0ms)
Completed 500 Internal Server Error in 18ms (ActiveRecord: 0.0ms)

ActionView::Template::Error (File to import not found or unreadable: bootstrap-sprockets.
Load paths:
  /Users/luise/bloc/development/myvids/app/assets/images
  /Users/luise/bloc/development/myvids/app/assets/javascripts
  /Users/luise/bloc/development/myvids/app/assets/stylesheets
  /Users/luise/bloc/development/myvids/vendor/assets/javascripts
  /Users/luise/bloc/development/myvids/vendor/assets/stylesheets
  /Users/luise/.rvm/gems/ruby-2.2.1/gems/turbolinks-2.5.3/lib/assets/javascripts
  /Users/luise/.rvm/gems/ruby-2.2.1/gems/jquery-rails-4.1.1/vendor/assets/javascripts
  /Users/luise/.rvm/gems/ruby-2.2.1/gems/coffee-rails-4.1.1/lib/assets/javascripts):
    3: <head>
    4:   <title>Myvids</title>
    5:   <meta name="viewport" content="width=device-width, initial-scale=1">
    6:   <%= stylesheet_link_tag    'application', media: 'all', 'data-turbolinks-track' => true %>
    7:   <%= javascript_include_tag 'application', 'data-turbolinks-track' => true %>
    8:   <%= csrf_meta_tags %>
    9: </head>
  app/assets/stylesheets/application.scss:17
  app/views/layouts/application.html.erb:6:in `_app_views_layouts_application_html_erb__158383339122210896_70200730272440'


  Rendered /Users/luise/.rvm/gems/ruby-2.2.1/gems/actionpack-4.2.5/lib/action_dispatch/middleware/templates/rescues/_source.erb (9.8ms)
  Rendered /Users/luise/.rvm/gems/ruby-2.2.1/gems/actionpack-4.2.5/lib/action_dispatch/middleware/templates/rescues/_trace.html.erb (3.4ms)
  Rendered /Users/luise/.rvm/gems/ruby-2.2.1/gems/actionpack-4.2.5/lib/action_dispatch/middleware/templates/rescues/_request_and_response.html.erb (0.8ms)
  Rendered /Users/luise/.rvm/gems/ruby-2.2.1/gems/actionpack-4.2.5/lib/action_dispatch/middleware/templates/rescues/template_error.html.erb within rescues/layout (52.9ms)


Started GET "/" for ::1 at 2016-03-18 11:50:50 +0100
Processing by WelcomeController#index as HTML
  Rendered welcome/index.html.erb within layouts/application (1.1ms)
Completed 200 OK in 2813ms (Views: 2804.9ms | ActiveRecord: 0.0ms)


Started GET "/welcome/index" for ::1 at 2016-03-18 11:50:55 +0100
Processing by WelcomeController#index as HTML
  Rendered welcome/index.html.erb within layouts/application (0.3ms)
Completed 200 OK in 22ms (Views: 21.7ms | ActiveRecord: 0.0ms)
  [1m[36m (0.7ms)[0m  [1mCREATE TABLE "schema_migrations" ("version" varchar NOT NULL) [0m
  [1m[35m (0.0ms)[0m  select sqlite_version(*)
  [1m[36m (0.6ms)[0m  [1mCREATE UNIQUE INDEX "unique_schema_migrations" ON "schema_migrations" ("version")[0m
  [1m[35mActiveRecord::SchemaMigration Load (0.1ms)[0m  SELECT "schema_migrations".* FROM "schema_migrations"
Migrating to CreateUsers (20160318124428)
  [1m[36m (0.0ms)[0m  [1mbegin transaction[0m
  [1m[35m (0.4ms)[0m  CREATE TABLE "users" ("id" INTEGER PRIMARY KEY AUTOINCREMENT NOT NULL, "name" varchar, "email" varchar, "password_digest" varchar, "created_at" datetime NOT NULL, "updated_at" datetime NOT NULL) 
  [1m[36mSQL (0.1ms)[0m  [1mINSERT INTO "schema_migrations" ("version") VALUES (?)[0m  [["version", "20160318124428"]]
  [1m[35m (0.5ms)[0m  commit transaction
  [1m[36mActiveRecord::SchemaMigration Load (0.1ms)[0m  [1mSELECT "schema_migrations".* FROM "schema_migrations"[0m


Started GET "/welcome/index" for ::1 at 2016-03-18 13:50:55 +0100
  [1m[36mActiveRecord::SchemaMigration Load (0.3ms)[0m  [1mSELECT "schema_migrations".* FROM "schema_migrations"[0m
Processing by WelcomeController#index as HTML
  Rendered welcome/index.html.erb within layouts/application (1.7ms)
Completed 200 OK in 316ms (Views: 307.8ms | ActiveRecord: 0.0ms)


Started GET "/users/new" for ::1 at 2016-03-18 13:50:59 +0100

ActionController::RoutingError (uninitialized constant UsersController):
  activesupport (4.2.5) lib/active_support/inflector/methods.rb:261:in `const_get'
  activesupport (4.2.5) lib/active_support/inflector/methods.rb:261:in `block in constantize'
  activesupport (4.2.5) lib/active_support/inflector/methods.rb:259:in `each'
  activesupport (4.2.5) lib/active_support/inflector/methods.rb:259:in `inject'
  activesupport (4.2.5) lib/active_support/inflector/methods.rb:259:in `constantize'
  actionpack (4.2.5) lib/action_dispatch/routing/route_set.rb:72:in `controller_reference'
  actionpack (4.2.5) lib/action_dispatch/routing/route_set.rb:62:in `controller'
  actionpack (4.2.5) lib/action_dispatch/routing/route_set.rb:41:in `serve'
  actionpack (4.2.5) lib/action_dispatch/journey/router.rb:43:in `block in serve'
  actionpack (4.2.5) lib/action_dispatch/journey/router.rb:30:in `each'
  actionpack (4.2.5) lib/action_dispatch/journey/router.rb:30:in `serve'
  actionpack (4.2.5) lib/action_dispatch/routing/route_set.rb:817:in `call'
  warden (1.2.3) lib/warden/manager.rb:35:in `block in call'
  warden (1.2.3) lib/warden/manager.rb:34:in `catch'
  warden (1.2.3) lib/warden/manager.rb:34:in `call'
  rack (1.6.4) lib/rack/etag.rb:24:in `call'
  rack (1.6.4) lib/rack/conditionalget.rb:25:in `call'
  rack (1.6.4) lib/rack/head.rb:13:in `call'
  actionpack (4.2.5) lib/action_dispatch/middleware/params_parser.rb:27:in `call'
  actionpack (4.2.5) lib/action_dispatch/middleware/flash.rb:260:in `call'
  rack (1.6.4) lib/rack/session/abstract/id.rb:225:in `context'
  rack (1.6.4) lib/rack/session/abstract/id.rb:220:in `call'
  actionpack (4.2.5) lib/action_dispatch/middleware/cookies.rb:560:in `call'
  activerecord (4.2.5) lib/active_record/query_cache.rb:36:in `call'
  activerecord (4.2.5) lib/active_record/connection_adapters/abstract/connection_pool.rb:653:in `call'
  activerecord (4.2.5) lib/active_record/migration.rb:377:in `call'
  actionpack (4.2.5) lib/action_dispatch/middleware/callbacks.rb:29:in `block in call'
  activesupport (4.2.5) lib/active_support/callbacks.rb:88:in `__run_callbacks__'
  activesupport (4.2.5) lib/active_support/callbacks.rb:778:in `_run_call_callbacks'
  activesupport (4.2.5) lib/active_support/callbacks.rb:81:in `run_callbacks'
  actionpack (4.2.5) lib/action_dispatch/middleware/callbacks.rb:27:in `call'
  actionpack (4.2.5) lib/action_dispatch/middleware/reloader.rb:73:in `call'
  actionpack (4.2.5) lib/action_dispatch/middleware/remote_ip.rb:78:in `call'
  actionpack (4.2.5) lib/action_dispatch/middleware/debug_exceptions.rb:17:in `call'
  actionpack (4.2.5) lib/action_dispatch/middleware/show_exceptions.rb:30:in `call'
  railties (4.2.5) lib/rails/rack/logger.rb:38:in `call_app'
  railties (4.2.5) lib/rails/rack/logger.rb:20:in `block in call'
  activesupport (4.2.5) lib/active_support/tagged_logging.rb:68:in `block in tagged'
  activesupport (4.2.5) lib/active_support/tagged_logging.rb:26:in `tagged'
  activesupport (4.2.5) lib/active_support/tagged_logging.rb:68:in `tagged'
  railties (4.2.5) lib/rails/rack/logger.rb:20:in `call'
  quiet_assets (1.1.0) lib/quiet_assets.rb:27:in `call_with_quiet_assets'
  actionpack (4.2.5) lib/action_dispatch/middleware/request_id.rb:21:in `call'
  rack (1.6.4) lib/rack/methodoverride.rb:22:in `call'
  rack (1.6.4) lib/rack/runtime.rb:18:in `call'
  activesupport (4.2.5) lib/active_support/cache/strategy/local_cache_middleware.rb:28:in `call'
  rack (1.6.4) lib/rack/lock.rb:17:in `call'
  actionpack (4.2.5) lib/action_dispatch/middleware/static.rb:116:in `call'
  rack (1.6.4) lib/rack/sendfile.rb:113:in `call'
  railties (4.2.5) lib/rails/engine.rb:518:in `call'
  railties (4.2.5) lib/rails/application.rb:165:in `call'
  rack (1.6.4) lib/rack/lock.rb:17:in `call'
  rack (1.6.4) lib/rack/content_length.rb:15:in `call'
  rack (1.6.4) lib/rack/handler/webrick.rb:88:in `service'
  /Users/luise/.rvm/rubies/ruby-2.2.1/lib/ruby/2.2.0/webrick/httpserver.rb:138:in `service'
  /Users/luise/.rvm/rubies/ruby-2.2.1/lib/ruby/2.2.0/webrick/httpserver.rb:94:in `run'
  /Users/luise/.rvm/rubies/ruby-2.2.1/lib/ruby/2.2.0/webrick/server.rb:294:in `block in start_thread'


  Rendered /Users/luise/.rvm/gems/ruby-2.2.1/gems/actionpack-4.2.5/lib/action_dispatch/middleware/templates/rescues/_trace.html.erb (1.7ms)
  Rendered /Users/luise/.rvm/gems/ruby-2.2.1/gems/actionpack-4.2.5/lib/action_dispatch/middleware/templates/routes/_route.html.erb (0.7ms)
  Rendered /Users/luise/.rvm/gems/ruby-2.2.1/gems/actionpack-4.2.5/lib/action_dispatch/middleware/templates/routes/_table.html.erb (8.1ms)
  Rendered /Users/luise/.rvm/gems/ruby-2.2.1/gems/actionpack-4.2.5/lib/action_dispatch/middleware/templates/rescues/_request_and_response.html.erb (1.1ms)
  Rendered /Users/luise/.rvm/gems/ruby-2.2.1/gems/actionpack-4.2.5/lib/action_dispatch/middleware/templates/rescues/routing_error.html.erb within rescues/layout (68.6ms)


Started GET "/users/new" for ::1 at 2016-03-18 13:50:59 +0100

ActionController::RoutingError (uninitialized constant UsersController):
  activesupport (4.2.5) lib/active_support/inflector/methods.rb:261:in `const_get'
  activesupport (4.2.5) lib/active_support/inflector/methods.rb:261:in `block in constantize'
  activesupport (4.2.5) lib/active_support/inflector/methods.rb:259:in `each'
  activesupport (4.2.5) lib/active_support/inflector/methods.rb:259:in `inject'
  activesupport (4.2.5) lib/active_support/inflector/methods.rb:259:in `constantize'
  actionpack (4.2.5) lib/action_dispatch/routing/route_set.rb:72:in `controller_reference'
  actionpack (4.2.5) lib/action_dispatch/routing/route_set.rb:62:in `controller'
  actionpack (4.2.5) lib/action_dispatch/routing/route_set.rb:41:in `serve'
  actionpack (4.2.5) lib/action_dispatch/journey/router.rb:43:in `block in serve'
  actionpack (4.2.5) lib/action_dispatch/journey/router.rb:30:in `each'
  actionpack (4.2.5) lib/action_dispatch/journey/router.rb:30:in `serve'
  actionpack (4.2.5) lib/action_dispatch/routing/route_set.rb:817:in `call'
  warden (1.2.3) lib/warden/manager.rb:35:in `block in call'
  warden (1.2.3) lib/warden/manager.rb:34:in `catch'
  warden (1.2.3) lib/warden/manager.rb:34:in `call'
  rack (1.6.4) lib/rack/etag.rb:24:in `call'
  rack (1.6.4) lib/rack/conditionalget.rb:25:in `call'
  rack (1.6.4) lib/rack/head.rb:13:in `call'
  actionpack (4.2.5) lib/action_dispatch/middleware/params_parser.rb:27:in `call'
  actionpack (4.2.5) lib/action_dispatch/middleware/flash.rb:260:in `call'
  rack (1.6.4) lib/rack/session/abstract/id.rb:225:in `context'
  rack (1.6.4) lib/rack/session/abstract/id.rb:220:in `call'
  actionpack (4.2.5) lib/action_dispatch/middleware/cookies.rb:560:in `call'
  activerecord (4.2.5) lib/active_record/query_cache.rb:36:in `call'
  activerecord (4.2.5) lib/active_record/connection_adapters/abstract/connection_pool.rb:653:in `call'
  activerecord (4.2.5) lib/active_record/migration.rb:377:in `call'
  actionpack (4.2.5) lib/action_dispatch/middleware/callbacks.rb:29:in `block in call'
  activesupport (4.2.5) lib/active_support/callbacks.rb:88:in `__run_callbacks__'
  activesupport (4.2.5) lib/active_support/callbacks.rb:778:in `_run_call_callbacks'
  activesupport (4.2.5) lib/active_support/callbacks.rb:81:in `run_callbacks'
  actionpack (4.2.5) lib/action_dispatch/middleware/callbacks.rb:27:in `call'
  actionpack (4.2.5) lib/action_dispatch/middleware/reloader.rb:73:in `call'
  actionpack (4.2.5) lib/action_dispatch/middleware/remote_ip.rb:78:in `call'
  actionpack (4.2.5) lib/action_dispatch/middleware/debug_exceptions.rb:17:in `call'
  actionpack (4.2.5) lib/action_dispatch/middleware/show_exceptions.rb:30:in `call'
  railties (4.2.5) lib/rails/rack/logger.rb:38:in `call_app'
  railties (4.2.5) lib/rails/rack/logger.rb:20:in `block in call'
  activesupport (4.2.5) lib/active_support/tagged_logging.rb:68:in `block in tagged'
  activesupport (4.2.5) lib/active_support/tagged_logging.rb:26:in `tagged'
  activesupport (4.2.5) lib/active_support/tagged_logging.rb:68:in `tagged'
  railties (4.2.5) lib/rails/rack/logger.rb:20:in `call'
  quiet_assets (1.1.0) lib/quiet_assets.rb:27:in `call_with_quiet_assets'
  actionpack (4.2.5) lib/action_dispatch/middleware/request_id.rb:21:in `call'
  rack (1.6.4) lib/rack/methodoverride.rb:22:in `call'
  rack (1.6.4) lib/rack/runtime.rb:18:in `call'
  activesupport (4.2.5) lib/active_support/cache/strategy/local_cache_middleware.rb:28:in `call'
  rack (1.6.4) lib/rack/lock.rb:17:in `call'
  actionpack (4.2.5) lib/action_dispatch/middleware/static.rb:116:in `call'
  rack (1.6.4) lib/rack/sendfile.rb:113:in `call'
  railties (4.2.5) lib/rails/engine.rb:518:in `call'
  railties (4.2.5) lib/rails/application.rb:165:in `call'
  rack (1.6.4) lib/rack/lock.rb:17:in `call'
  rack (1.6.4) lib/rack/content_length.rb:15:in `call'
  rack (1.6.4) lib/rack/handler/webrick.rb:88:in `service'
  /Users/luise/.rvm/rubies/ruby-2.2.1/lib/ruby/2.2.0/webrick/httpserver.rb:138:in `service'
  /Users/luise/.rvm/rubies/ruby-2.2.1/lib/ruby/2.2.0/webrick/httpserver.rb:94:in `run'
  /Users/luise/.rvm/rubies/ruby-2.2.1/lib/ruby/2.2.0/webrick/server.rb:294:in `block in start_thread'


  Rendered /Users/luise/.rvm/gems/ruby-2.2.1/gems/actionpack-4.2.5/lib/action_dispatch/middleware/templates/rescues/_trace.html.erb (1.7ms)
  Rendered /Users/luise/.rvm/gems/ruby-2.2.1/gems/actionpack-4.2.5/lib/action_dispatch/middleware/templates/routes/_route.html.erb (0.7ms)
  Rendered /Users/luise/.rvm/gems/ruby-2.2.1/gems/actionpack-4.2.5/lib/action_dispatch/middleware/templates/routes/_table.html.erb (1.1ms)
  Rendered /Users/luise/.rvm/gems/ruby-2.2.1/gems/actionpack-4.2.5/lib/action_dispatch/middleware/templates/rescues/_request_and_response.html.erb (1.4ms)
  Rendered /Users/luise/.rvm/gems/ruby-2.2.1/gems/actionpack-4.2.5/lib/action_dispatch/middleware/templates/rescues/routing_error.html.erb within rescues/layout (55.6ms)
  [1m[36mActiveRecord::SchemaMigration Load (0.3ms)[0m  [1mSELECT "schema_migrations".* FROM "schema_migrations"[0m
Migrating to AddDeviseToUsers (20160318125625)
  [1m[35m (0.1ms)[0m  begin transaction
  [1m[36m (0.2ms)[0m  [1mALTER TABLE "users" ADD "email" varchar DEFAULT '' NOT NULL[0m
  [1m[35m (0.0ms)[0m  rollback transaction
  [1m[36mActiveRecord::SchemaMigration Load (0.1ms)[0m  [1mSELECT "schema_migrations".* FROM "schema_migrations"[0m
  [1m[35mActiveRecord::SchemaMigration Load (0.1ms)[0m  SELECT "schema_migrations".* FROM "schema_migrations"
Migrating to CreateUsers (20160318124428)
  [1m[36m (0.0ms)[0m  [1mbegin transaction[0m
  [1m[35m (0.6ms)[0m  DROP TABLE "users"
  [1m[36mSQL (0.2ms)[0m  [1mDELETE FROM "schema_migrations" WHERE "schema_migrations"."version" = ?[0m  [["version", "20160318124428"]]
  [1m[35m (0.5ms)[0m  commit transaction
  [1m[36mActiveRecord::SchemaMigration Load (0.1ms)[0m  [1mSELECT "schema_migrations".* FROM "schema_migrations"[0m
  [1m[36mActiveRecord::SchemaMigration Load (0.1ms)[0m  [1mSELECT "schema_migrations".* FROM "schema_migrations"[0m
Migrating to DeviseCreateUsers (20160318130316)
  [1m[35m (0.1ms)[0m  begin transaction
  [1m[36m (0.4ms)[0m  [1mCREATE TABLE "users" ("id" INTEGER PRIMARY KEY AUTOINCREMENT NOT NULL, "email" varchar DEFAULT '' NOT NULL, "encrypted_password" varchar DEFAULT '' NOT NULL, "reset_password_token" varchar, "reset_password_sent_at" datetime, "remember_created_at" datetime, "sign_in_count" integer DEFAULT 0 NOT NULL, "current_sign_in_at" datetime, "last_sign_in_at" datetime, "current_sign_in_ip" varchar, "last_sign_in_ip" varchar, "created_at" datetime NOT NULL, "updated_at" datetime NOT NULL) [0m
  [1m[35m (0.0ms)[0m  select sqlite_version(*)
  [1m[36m (0.3ms)[0m  [1mCREATE UNIQUE INDEX "index_users_on_email" ON "users" ("email")[0m
  [1m[35m (0.1ms)[0m              SELECT sql
            FROM sqlite_master
            WHERE name='index_users_on_email' AND type='index'
            UNION ALL
            SELECT sql
            FROM sqlite_temp_master
            WHERE name='index_users_on_email' AND type='index'

  [1m[36m (0.2ms)[0m  [1mCREATE UNIQUE INDEX "index_users_on_reset_password_token" ON "users" ("reset_password_token")[0m
  [1m[35mSQL (0.3ms)[0m  INSERT INTO "schema_migrations" ("version") VALUES (?)  [["version", "20160318130316"]]
  [1m[36m (0.7ms)[0m  [1mcommit transaction[0m
  [1m[35mActiveRecord::SchemaMigration Load (0.1ms)[0m  SELECT "schema_migrations".* FROM "schema_migrations"
  [1m[36m (0.1ms)[0m  [1m            SELECT sql
            FROM sqlite_master
            WHERE name='index_users_on_reset_password_token' AND type='index'
            UNION ALL
            SELECT sql
            FROM sqlite_temp_master
            WHERE name='index_users_on_reset_password_token' AND type='index'
[0m
  [1m[35m (0.1ms)[0m              SELECT sql
            FROM sqlite_master
            WHERE name='index_users_on_email' AND type='index'
            UNION ALL
            SELECT sql
            FROM sqlite_temp_master
            WHERE name='index_users_on_email' AND type='index'



Started GET "/welcome/index" for ::1 at 2016-03-18 14:09:30 +0100

NoMethodError (undefined method `devise' for #<Class:0x007fed69ed7750>):
  app/models/user.rb:4:in `<class:User>'
  app/models/user.rb:1:in `<top (required)>'
  config/routes.rb:4:in `block in <top (required)>'
  config/routes.rb:1:in `<top (required)>'


  Rendered /Users/luise/.rvm/gems/ruby-2.2.1/gems/actionpack-4.2.5/lib/action_dispatch/middleware/templates/rescues/_source.erb (5.2ms)
  Rendered /Users/luise/.rvm/gems/ruby-2.2.1/gems/actionpack-4.2.5/lib/action_dispatch/middleware/templates/rescues/_trace.html.erb (2.2ms)
  Rendered /Users/luise/.rvm/gems/ruby-2.2.1/gems/actionpack-4.2.5/lib/action_dispatch/middleware/templates/rescues/_request_and_response.html.erb (0.8ms)
  Rendered /Users/luise/.rvm/gems/ruby-2.2.1/gems/actionpack-4.2.5/lib/action_dispatch/middleware/templates/rescues/diagnostics.html.erb within rescues/layout (46.0ms)


Started GET "/welcome/index" for ::1 at 2016-03-18 14:09:49 +0100
  [1m[36mActiveRecord::SchemaMigration Load (0.1ms)[0m  [1mSELECT "schema_migrations".* FROM "schema_migrations"[0m
Processing by WelcomeController#index as HTML
  Rendered welcome/index.html.erb within layouts/application (9.9ms)
Completed 500 Internal Server Error in 26ms (ActiveRecord: 0.0ms)

ActionView::Template::Error (undefined local variable or method `new_user_path' for #<#<Class:0x007faae3a51758>:0x007faae3a2b800>):
    1: <div class="jumbotron">
    2:   <h1>Myvids!</h1>
    3:   <p> <%= link_to "Sign Up", new_user_path, class: 'btn btn-primary' %> </p>
    4: </div>
  app/views/welcome/index.html.erb:3:in `_app_views_welcome_index_html_erb___2229459727789079570_70185975790560'


  Rendered /Users/luise/.rvm/gems/ruby-2.2.1/gems/actionpack-4.2.5/lib/action_dispatch/middleware/templates/rescues/_source.erb (6.3ms)
  Rendered /Users/luise/.rvm/gems/ruby-2.2.1/gems/actionpack-4.2.5/lib/action_dispatch/middleware/templates/rescues/_trace.html.erb (2.4ms)
  Rendered /Users/luise/.rvm/gems/ruby-2.2.1/gems/actionpack-4.2.5/lib/action_dispatch/middleware/templates/rescues/_request_and_response.html.erb (0.8ms)
  Rendered /Users/luise/.rvm/gems/ruby-2.2.1/gems/actionpack-4.2.5/lib/action_dispatch/middleware/templates/rescues/template_error.html.erb within rescues/layout (45.9ms)


Started GET "/welcome/index" for ::1 at 2016-03-18 14:10:22 +0100
  [1m[36mActiveRecord::SchemaMigration Load (0.1ms)[0m  [1mSELECT "schema_migrations".* FROM "schema_migrations"[0m
Processing by WelcomeController#index as HTML
  Rendered welcome/index.html.erb within layouts/application (10.2ms)
Completed 500 Internal Server Error in 26ms (ActiveRecord: 0.0ms)

ActionView::Template::Error (undefined local variable or method `new_user_path' for #<#<Class:0x007ff953d26488>:0x007ff953d11600>):
    1: <div class="jumbotron">
    2:   <h1>Myvids!</h1>
    3:   <p> <%= link_to "Sign Up", new_user_path, class: 'btn btn-primary' %> </p>
    4: </div>
  app/views/welcome/index.html.erb:3:in `_app_views_welcome_index_html_erb___3421133992182972409_70354401572560'


  Rendered /Users/luise/.rvm/gems/ruby-2.2.1/gems/actionpack-4.2.5/lib/action_dispatch/middleware/templates/rescues/_source.erb (6.1ms)
  Rendered /Users/luise/.rvm/gems/ruby-2.2.1/gems/actionpack-4.2.5/lib/action_dispatch/middleware/templates/rescues/_trace.html.erb (2.4ms)
  Rendered /Users/luise/.rvm/gems/ruby-2.2.1/gems/actionpack-4.2.5/lib/action_dispatch/middleware/templates/rescues/_request_and_response.html.erb (0.8ms)
  Rendered /Users/luise/.rvm/gems/ruby-2.2.1/gems/actionpack-4.2.5/lib/action_dispatch/middleware/templates/rescues/template_error.html.erb within rescues/layout (48.1ms)


Started GET "/users/sign_up" for ::1 at 2016-03-18 14:11:19 +0100
Processing by Devise::RegistrationsController#new as HTML
  Rendered /Users/luise/.rvm/gems/ruby-2.2.1/gems/devise-3.5.2/app/views/devise/shared/_links.html.erb (3.0ms)
  Rendered /Users/luise/.rvm/gems/ruby-2.2.1/gems/devise-3.5.2/app/views/devise/registrations/new.html.erb within layouts/application (32.2ms)
Completed 200 OK in 307ms (Views: 295.0ms | ActiveRecord: 0.5ms)


Started GET "/welcome/index" for ::1 at 2016-03-18 14:11:24 +0100
Processing by WelcomeController#index as HTML
Completed 401 Unauthorized in 1ms (ActiveRecord: 0.0ms)


Started GET "/users/sign_in" for ::1 at 2016-03-18 14:11:24 +0100
Processing by Devise::SessionsController#new as HTML
  Rendered /Users/luise/.rvm/gems/ruby-2.2.1/gems/devise-3.5.2/app/views/devise/shared/_links.html.erb (3.6ms)
  Rendered /Users/luise/.rvm/gems/ruby-2.2.1/gems/devise-3.5.2/app/views/devise/sessions/new.html.erb within layouts/application (11.4ms)
Completed 200 OK in 50ms (Views: 47.8ms | ActiveRecord: 0.0ms)


Started GET "/welcome/index" for ::1 at 2016-03-18 14:11:25 +0100
Processing by WelcomeController#index as HTML
Completed 401 Unauthorized in 1ms (ActiveRecord: 0.0ms)


Started GET "/users/sign_in" for ::1 at 2016-03-18 14:11:25 +0100
Processing by Devise::SessionsController#new as HTML
  Rendered /Users/luise/.rvm/gems/ruby-2.2.1/gems/devise-3.5.2/app/views/devise/shared/_links.html.erb (2.7ms)
  Rendered /Users/luise/.rvm/gems/ruby-2.2.1/gems/devise-3.5.2/app/views/devise/sessions/new.html.erb within layouts/application (8.4ms)
Completed 200 OK in 53ms (Views: 52.3ms | ActiveRecord: 0.0ms)


Started GET "/welcome/index" for ::1 at 2016-03-18 14:12:47 +0100
Processing by WelcomeController#index as HTML
Completed 401 Unauthorized in 1ms (ActiveRecord: 0.0ms)


Started GET "/users/sign_in" for ::1 at 2016-03-18 14:12:47 +0100
Processing by Devise::SessionsController#new as HTML
  Rendered /Users/luise/.rvm/gems/ruby-2.2.1/gems/devise-3.5.2/app/views/devise/shared/_links.html.erb (2.9ms)
  Rendered /Users/luise/.rvm/gems/ruby-2.2.1/gems/devise-3.5.2/app/views/devise/sessions/new.html.erb within layouts/application (8.4ms)
Completed 200 OK in 41ms (Views: 40.4ms | ActiveRecord: 0.0ms)


Started GET "/welcome/index" for ::1 at 2016-03-18 14:13:06 +0100
Processing by WelcomeController#index as HTML
Completed 401 Unauthorized in 0ms (ActiveRecord: 0.0ms)


Started GET "/users/sign_in" for ::1 at 2016-03-18 14:13:06 +0100
Processing by Devise::SessionsController#new as HTML
  Rendered /Users/luise/.rvm/gems/ruby-2.2.1/gems/devise-3.5.2/app/views/devise/shared/_links.html.erb (1.9ms)
  Rendered /Users/luise/.rvm/gems/ruby-2.2.1/gems/devise-3.5.2/app/views/devise/sessions/new.html.erb within layouts/application (6.5ms)
Completed 200 OK in 32ms (Views: 31.0ms | ActiveRecord: 0.0ms)


Started GET "/users/sign_up" for ::1 at 2016-03-18 14:13:21 +0100
Processing by Devise::RegistrationsController#new as HTML
  Rendered /Users/luise/.rvm/gems/ruby-2.2.1/gems/devise-3.5.2/app/views/devise/shared/_links.html.erb (1.0ms)
  Rendered /Users/luise/.rvm/gems/ruby-2.2.1/gems/devise-3.5.2/app/views/devise/registrations/new.html.erb within layouts/application (5.6ms)
Completed 200 OK in 31ms (Views: 30.2ms | ActiveRecord: 0.0ms)


Started POST "/users" for ::1 at 2016-03-18 14:13:39 +0100
Processing by Devise::RegistrationsController#create as HTML
  Parameters: {"utf8"=>"✓", "authenticity_token"=>"gOmJcUe6Kz7qbDFDA75pswCGh9OtZHTFyKCssY0/UOYiz3w6V16IucmDcYVZWrsxuBqR8A5KwaWFQmiXptyTKw==", "user"=>{"email"=>"luise.rauch@gmail.com", "password"=>"[FILTERED]", "password_confirmation"=>"[FILTERED]"}, "commit"=>"Sign up"}
  [1m[35m (0.1ms)[0m  begin transaction
  [1m[36mUser Exists (0.1ms)[0m  [1mSELECT  1 AS one FROM "users" WHERE "users"."email" = 'luise.rauch@gmail.com' LIMIT 1[0m
  [1m[35mSQL (0.4ms)[0m  INSERT INTO "users" ("email", "encrypted_password", "created_at", "updated_at") VALUES (?, ?, ?, ?)  [["email", "luise.rauch@gmail.com"], ["encrypted_password", "$2a$10$ymB1V4D.5v87Dl3seJ4.FejHz0.gYZ5J2/klaq3O/bRlp5JUlalWm"], ["created_at", "2016-03-18 13:13:40.062869"], ["updated_at", "2016-03-18 13:13:40.062869"]]
  [1m[36m (0.5ms)[0m  [1mcommit transaction[0m
  [1m[35m (0.0ms)[0m  begin transaction
  [1m[36mSQL (0.4ms)[0m  [1mUPDATE "users" SET "last_sign_in_at" = ?, "current_sign_in_at" = ?, "last_sign_in_ip" = ?, "current_sign_in_ip" = ?, "sign_in_count" = ?, "updated_at" = ? WHERE "users"."id" = ?[0m  [["last_sign_in_at", "2016-03-18 13:13:40.065064"], ["current_sign_in_at", "2016-03-18 13:13:40.065064"], ["last_sign_in_ip", "::1"], ["current_sign_in_ip", "::1"], ["sign_in_count", 1], ["updated_at", "2016-03-18 13:13:40.065696"], ["id", 1]]
  [1m[35m (0.4ms)[0m  commit transaction
Redirected to http://localhost:3000/welcome/index
Completed 302 Found in 84ms (ActiveRecord: 2.0ms)


Started GET "/welcome/index" for ::1 at 2016-03-18 14:13:40 +0100
Processing by WelcomeController#index as HTML
  [1m[36mUser Load (0.2ms)[0m  [1mSELECT  "users".* FROM "users" WHERE "users"."id" = ?  ORDER BY "users"."id" ASC LIMIT 1[0m  [["id", 1]]
  Rendered welcome/index.html.erb within layouts/application (9.4ms)
Completed 500 Internal Server Error in 16ms (ActiveRecord: 0.2ms)

ActionView::Template::Error (undefined local variable or method `new_user_path' for #<#<Class:0x007ff95a1795c0>:0x007ff95b3c9540>):
    1: <div class="jumbotron">
    2:   <h1>Myvids!</h1>
    3:   <p> <%= link_to "Sign Up", new_user_path, class: 'btn btn-primary' %> </p>
    4: </div>
  app/views/welcome/index.html.erb:3:in `_app_views_welcome_index_html_erb___3421133992182972409_70354401572560'


  Rendered /Users/luise/.rvm/gems/ruby-2.2.1/gems/actionpack-4.2.5/lib/action_dispatch/middleware/templates/rescues/_source.erb (6.3ms)
  Rendered /Users/luise/.rvm/gems/ruby-2.2.1/gems/actionpack-4.2.5/lib/action_dispatch/middleware/templates/rescues/_trace.html.erb (2.5ms)
  Rendered /Users/luise/.rvm/gems/ruby-2.2.1/gems/actionpack-4.2.5/lib/action_dispatch/middleware/templates/rescues/_request_and_response.html.erb (1.0ms)
  Rendered /Users/luise/.rvm/gems/ruby-2.2.1/gems/actionpack-4.2.5/lib/action_dispatch/middleware/templates/rescues/template_error.html.erb within rescues/layout (46.9ms)


Started GET "/welcome/index" for ::1 at 2016-03-18 14:14:09 +0100
Processing by WelcomeController#index as HTML
  [1m[35mUser Load (0.1ms)[0m  SELECT  "users".* FROM "users" WHERE "users"."id" = ?  ORDER BY "users"."id" ASC LIMIT 1  [["id", 1]]
  Rendered welcome/index.html.erb within layouts/application (0.4ms)
Completed 500 Internal Server Error in 5ms (ActiveRecord: 0.1ms)

SyntaxError (/Users/luise/bloc/development/myvids/app/views/welcome/index.html.erb:3: syntax error, unexpected ','
...gn Up", new_user_session_path,, class: 'btn btn-primary' );@...
...                               ^):
  app/views/welcome/index.html.erb:3: syntax error, unexpected ','


  Rendered /Users/luise/.rvm/gems/ruby-2.2.1/gems/actionpack-4.2.5/lib/action_dispatch/middleware/templates/rescues/_source.erb (6.9ms)
  Rendered /Users/luise/.rvm/gems/ruby-2.2.1/gems/actionpack-4.2.5/lib/action_dispatch/middleware/templates/rescues/_trace.html.erb (2.6ms)
  Rendered /Users/luise/.rvm/gems/ruby-2.2.1/gems/actionpack-4.2.5/lib/action_dispatch/middleware/templates/rescues/_request_and_response.html.erb (0.7ms)
  Rendered /Users/luise/.rvm/gems/ruby-2.2.1/gems/actionpack-4.2.5/lib/action_dispatch/middleware/templates/rescues/diagnostics.html.erb within rescues/layout (46.5ms)


Started GET "/welcome/index" for ::1 at 2016-03-18 14:14:18 +0100
Processing by WelcomeController#index as HTML
  [1m[36mUser Load (0.1ms)[0m  [1mSELECT  "users".* FROM "users" WHERE "users"."id" = ?  ORDER BY "users"."id" ASC LIMIT 1[0m  [["id", 1]]
  Rendered welcome/index.html.erb within layouts/application (0.4ms)
Completed 500 Internal Server Error in 24ms (ActiveRecord: 0.1ms)

ActionView::Template::Error (undefined method `username' for #<User:0x007ff95b24a2f0>):
    13:       <li><%= link_to "Home", welcome_index_path %></li>
    14:       <div class="pull-right user-info">
    15:         <% if user_signed_in? %>
    16:         <%= link_to current_user.username, user_path(current_user) %> |
    17:         <%= link_to 'Edit login', edit_user_registration_path, :class => 'navbar-link' %> - <%= link_to "Sign Out", destroy_user_session_path, method: :delete, :class => 'navbar-link'  %>
    18:         <% else %>
    19:         <%= link_to "Sign Up", new_user_registration_path, :class => 'navbar-link'  %> -
  app/views/layouts/application.html.erb:16:in `_app_views_layouts_application_html_erb___4308279250853973306_70354401539580'


  Rendered /Users/luise/.rvm/gems/ruby-2.2.1/gems/actionpack-4.2.5/lib/action_dispatch/middleware/templates/rescues/_source.erb (5.9ms)
  Rendered /Users/luise/.rvm/gems/ruby-2.2.1/gems/actionpack-4.2.5/lib/action_dispatch/middleware/templates/rescues/_trace.html.erb (2.2ms)
  Rendered /Users/luise/.rvm/gems/ruby-2.2.1/gems/actionpack-4.2.5/lib/action_dispatch/middleware/templates/rescues/_request_and_response.html.erb (0.7ms)
  Rendered /Users/luise/.rvm/gems/ruby-2.2.1/gems/actionpack-4.2.5/lib/action_dispatch/middleware/templates/rescues/template_error.html.erb within rescues/layout (45.1ms)
  [1m[36mActiveRecord::SchemaMigration Load (0.1ms)[0m  [1mSELECT "schema_migrations".* FROM "schema_migrations"[0m
Migrating to AddUsernameToUsers (20160318132014)
  [1m[35m (0.1ms)[0m  begin transaction
  [1m[36m (0.4ms)[0m  [1mALTER TABLE "users" ADD "username" varchar[0m
  [1m[35m (0.1ms)[0m  select sqlite_version(*)
  [1m[36m (0.1ms)[0m  [1m            SELECT sql
            FROM sqlite_master
            WHERE name='index_users_on_reset_password_token' AND type='index'
            UNION ALL
            SELECT sql
            FROM sqlite_temp_master
            WHERE name='index_users_on_reset_password_token' AND type='index'
[0m
  [1m[35m (0.1ms)[0m              SELECT sql
            FROM sqlite_master
            WHERE name='index_users_on_email' AND type='index'
            UNION ALL
            SELECT sql
            FROM sqlite_temp_master
            WHERE name='index_users_on_email' AND type='index'

  [1m[36m (0.3ms)[0m  [1mCREATE UNIQUE INDEX "index_users_on_username" ON "users" ("username")[0m
  [1m[35mSQL (0.2ms)[0m  INSERT INTO "schema_migrations" ("version") VALUES (?)  [["version", "20160318132014"]]
  [1m[36m (0.6ms)[0m  [1mcommit transaction[0m
  [1m[35mActiveRecord::SchemaMigration Load (0.1ms)[0m  SELECT "schema_migrations".* FROM "schema_migrations"
  [1m[36m (0.1ms)[0m  [1m            SELECT sql
            FROM sqlite_master
            WHERE name='index_users_on_username' AND type='index'
            UNION ALL
            SELECT sql
            FROM sqlite_temp_master
            WHERE name='index_users_on_username' AND type='index'
[0m
  [1m[35m (0.1ms)[0m              SELECT sql
            FROM sqlite_master
            WHERE name='index_users_on_reset_password_token' AND type='index'
            UNION ALL
            SELECT sql
            FROM sqlite_temp_master
            WHERE name='index_users_on_reset_password_token' AND type='index'

  [1m[36m (0.1ms)[0m  [1m            SELECT sql
            FROM sqlite_master
            WHERE name='index_users_on_email' AND type='index'
            UNION ALL
            SELECT sql
            FROM sqlite_temp_master
            WHERE name='index_users_on_email' AND type='index'
[0m


Started GET "/welcome/index" for ::1 at 2016-03-18 14:23:16 +0100
  [1m[35mActiveRecord::SchemaMigration Load (0.1ms)[0m  SELECT "schema_migrations".* FROM "schema_migrations"
Processing by WelcomeController#index as HTML
  [1m[36mUser Load (0.1ms)[0m  [1mSELECT  "users".* FROM "users" WHERE "users"."id" = ?  ORDER BY "users"."id" ASC LIMIT 1[0m  [["id", 1]]
  Rendered welcome/index.html.erb within layouts/application (0.2ms)
Completed 500 Internal Server Error in 49ms (ActiveRecord: 0.5ms)

ActionView::Template::Error (undefined method `user_path' for #<#<Class:0x007ff951fee488>:0x007ff951fdcdf0>):
    13:       <li><%= link_to "Home", welcome_index_path %></li>
    14:       <div class="pull-right user-info">
    15:         <% if user_signed_in? %>
    16:         <%= link_to current_user.username, user_path(current_user) %> |
    17:         <%= link_to 'Edit login', edit_user_registration_path, :class => 'navbar-link' %> - <%= link_to "Sign Out", destroy_user_session_path, method: :delete, :class => 'navbar-link'  %>
    18:         <% else %>
    19:         <%= link_to "Sign Up", new_user_registration_path, :class => 'navbar-link'  %> -
  app/views/layouts/application.html.erb:16:in `_app_views_layouts_application_html_erb___4308279250853973306_70354401539580'


  Rendered /Users/luise/.rvm/gems/ruby-2.2.1/gems/actionpack-4.2.5/lib/action_dispatch/middleware/templates/rescues/_source.erb (5.7ms)
  Rendered /Users/luise/.rvm/gems/ruby-2.2.1/gems/actionpack-4.2.5/lib/action_dispatch/middleware/templates/rescues/_trace.html.erb (2.2ms)
  Rendered /Users/luise/.rvm/gems/ruby-2.2.1/gems/actionpack-4.2.5/lib/action_dispatch/middleware/templates/rescues/_request_and_response.html.erb (0.8ms)
  Rendered /Users/luise/.rvm/gems/ruby-2.2.1/gems/actionpack-4.2.5/lib/action_dispatch/middleware/templates/rescues/template_error.html.erb within rescues/layout (46.6ms)


Started GET "/welcome/index" for ::1 at 2016-03-18 14:23:20 +0100
Processing by WelcomeController#index as HTML
  [1m[35mUser Load (0.1ms)[0m  SELECT  "users".* FROM "users" WHERE "users"."id" = ?  ORDER BY "users"."id" ASC LIMIT 1  [["id", 1]]
  Rendered welcome/index.html.erb within layouts/application (0.2ms)
Completed 500 Internal Server Error in 36ms (ActiveRecord: 0.1ms)

ActionView::Template::Error (undefined method `user_path' for #<#<Class:0x007ff951fee488>:0x007ff95b1aa728>):
    13:       <li><%= link_to "Home", welcome_index_path %></li>
    14:       <div class="pull-right user-info">
    15:         <% if user_signed_in? %>
    16:         <%= link_to current_user.username, user_path(current_user) %> |
    17:         <%= link_to 'Edit login', edit_user_registration_path, :class => 'navbar-link' %> - <%= link_to "Sign Out", destroy_user_session_path, method: :delete, :class => 'navbar-link'  %>
    18:         <% else %>
    19:         <%= link_to "Sign Up", new_user_registration_path, :class => 'navbar-link'  %> -
  app/views/layouts/application.html.erb:16:in `_app_views_layouts_application_html_erb___4308279250853973306_70354401539580'


  Rendered /Users/luise/.rvm/gems/ruby-2.2.1/gems/actionpack-4.2.5/lib/action_dispatch/middleware/templates/rescues/_source.erb (5.6ms)
  Rendered /Users/luise/.rvm/gems/ruby-2.2.1/gems/actionpack-4.2.5/lib/action_dispatch/middleware/templates/rescues/_trace.html.erb (2.2ms)
  Rendered /Users/luise/.rvm/gems/ruby-2.2.1/gems/actionpack-4.2.5/lib/action_dispatch/middleware/templates/rescues/_request_and_response.html.erb (0.7ms)
  Rendered /Users/luise/.rvm/gems/ruby-2.2.1/gems/actionpack-4.2.5/lib/action_dispatch/middleware/templates/rescues/template_error.html.erb within rescues/layout (45.1ms)


Started GET "/welcome/index" for ::1 at 2016-03-18 14:25:40 +0100

NameError (uninitialized constant User::EMAIL_REGEX):
  app/models/user.rb:14:in `<class:User>'
  app/models/user.rb:1:in `<top (required)>'
  config/routes.rb:4:in `block in <top (required)>'
  config/routes.rb:1:in `<top (required)>'


  Rendered /Users/luise/.rvm/gems/ruby-2.2.1/gems/actionpack-4.2.5/lib/action_dispatch/middleware/templates/rescues/_source.erb (4.3ms)
  Rendered /Users/luise/.rvm/gems/ruby-2.2.1/gems/actionpack-4.2.5/lib/action_dispatch/middleware/templates/rescues/_trace.html.erb (1.9ms)
  Rendered /Users/luise/.rvm/gems/ruby-2.2.1/gems/actionpack-4.2.5/lib/action_dispatch/middleware/templates/rescues/_request_and_response.html.erb (0.7ms)
  Rendered /Users/luise/.rvm/gems/ruby-2.2.1/gems/actionpack-4.2.5/lib/action_dispatch/middleware/templates/rescues/diagnostics.html.erb within rescues/layout (43.6ms)


Started GET "/welcome/index" for ::1 at 2016-03-18 14:26:07 +0100
Processing by WelcomeController#index as HTML
  [1m[36mUser Load (0.1ms)[0m  [1mSELECT  "users".* FROM "users" WHERE "users"."id" = ?  ORDER BY "users"."id" ASC LIMIT 1[0m  [["id", 1]]
  Rendered welcome/index.html.erb within layouts/application (0.2ms)
Completed 500 Internal Server Error in 47ms (ActiveRecord: 0.6ms)

ActionView::Template::Error (undefined method `user_path' for #<#<Class:0x007ff951d716b0>:0x007ff953dda7d0>):
    13:       <li><%= link_to "Home", welcome_index_path %></li>
    14:       <div class="pull-right user-info">
    15:         <% if user_signed_in? %>
    16:         <%= link_to current_user.username, user_path(current_user) %> |
    17:         <%= link_to 'Edit login', edit_user_registration_path, :class => 'navbar-link' %> - <%= link_to "Sign Out", destroy_user_session_path, method: :delete, :class => 'navbar-link'  %>
    18:         <% else %>
    19:         <%= link_to "Sign Up", new_user_registration_path, :class => 'navbar-link'  %> -
  app/views/layouts/application.html.erb:16:in `_app_views_layouts_application_html_erb___4308279250853973306_70354401539580'


  Rendered /Users/luise/.rvm/gems/ruby-2.2.1/gems/actionpack-4.2.5/lib/action_dispatch/middleware/templates/rescues/_source.erb (6.1ms)
  Rendered /Users/luise/.rvm/gems/ruby-2.2.1/gems/actionpack-4.2.5/lib/action_dispatch/middleware/templates/rescues/_trace.html.erb (2.8ms)
  Rendered /Users/luise/.rvm/gems/ruby-2.2.1/gems/actionpack-4.2.5/lib/action_dispatch/middleware/templates/rescues/_request_and_response.html.erb (0.9ms)
  Rendered /Users/luise/.rvm/gems/ruby-2.2.1/gems/actionpack-4.2.5/lib/action_dispatch/middleware/templates/rescues/template_error.html.erb within rescues/layout (46.8ms)


Started GET "/welcome/index" for ::1 at 2016-03-18 14:29:18 +0100
Processing by WelcomeController#index as HTML
  [1m[35mUser Load (0.1ms)[0m  SELECT  "users".* FROM "users" WHERE "users"."id" = ?  ORDER BY "users"."id" ASC LIMIT 1  [["id", 1]]
  Rendered welcome/index.html.erb within layouts/application (0.2ms)
Completed 200 OK in 38ms (Views: 27.0ms | ActiveRecord: 0.6ms)


Started GET "/users/1" for ::1 at 2016-03-18 14:29:21 +0100

ActionController::RoutingError (uninitialized constant UsersController):
  activesupport (4.2.5) lib/active_support/inflector/methods.rb:261:in `const_get'
  activesupport (4.2.5) lib/active_support/inflector/methods.rb:261:in `block in constantize'
  activesupport (4.2.5) lib/active_support/inflector/methods.rb:259:in `each'
  activesupport (4.2.5) lib/active_support/inflector/methods.rb:259:in `inject'
  activesupport (4.2.5) lib/active_support/inflector/methods.rb:259:in `constantize'
  actionpack (4.2.5) lib/action_dispatch/routing/route_set.rb:72:in `controller_reference'
  actionpack (4.2.5) lib/action_dispatch/routing/route_set.rb:62:in `controller'
  actionpack (4.2.5) lib/action_dispatch/routing/route_set.rb:41:in `serve'
  actionpack (4.2.5) lib/action_dispatch/journey/router.rb:43:in `block in serve'
  actionpack (4.2.5) lib/action_dispatch/journey/router.rb:30:in `each'
  actionpack (4.2.5) lib/action_dispatch/journey/router.rb:30:in `serve'
  actionpack (4.2.5) lib/action_dispatch/routing/route_set.rb:817:in `call'
  warden (1.2.3) lib/warden/manager.rb:35:in `block in call'
  warden (1.2.3) lib/warden/manager.rb:34:in `catch'
  warden (1.2.3) lib/warden/manager.rb:34:in `call'
  rack (1.6.4) lib/rack/etag.rb:24:in `call'
  rack (1.6.4) lib/rack/conditionalget.rb:25:in `call'
  rack (1.6.4) lib/rack/head.rb:13:in `call'
  actionpack (4.2.5) lib/action_dispatch/middleware/params_parser.rb:27:in `call'
  actionpack (4.2.5) lib/action_dispatch/middleware/flash.rb:260:in `call'
  rack (1.6.4) lib/rack/session/abstract/id.rb:225:in `context'
  rack (1.6.4) lib/rack/session/abstract/id.rb:220:in `call'
  actionpack (4.2.5) lib/action_dispatch/middleware/cookies.rb:560:in `call'
  activerecord (4.2.5) lib/active_record/query_cache.rb:36:in `call'
  activerecord (4.2.5) lib/active_record/connection_adapters/abstract/connection_pool.rb:653:in `call'
  activerecord (4.2.5) lib/active_record/migration.rb:377:in `call'
  actionpack (4.2.5) lib/action_dispatch/middleware/callbacks.rb:29:in `block in call'
  activesupport (4.2.5) lib/active_support/callbacks.rb:88:in `__run_callbacks__'
  activesupport (4.2.5) lib/active_support/callbacks.rb:778:in `_run_call_callbacks'
  activesupport (4.2.5) lib/active_support/callbacks.rb:81:in `run_callbacks'
  actionpack (4.2.5) lib/action_dispatch/middleware/callbacks.rb:27:in `call'
  actionpack (4.2.5) lib/action_dispatch/middleware/reloader.rb:73:in `call'
  actionpack (4.2.5) lib/action_dispatch/middleware/remote_ip.rb:78:in `call'
  actionpack (4.2.5) lib/action_dispatch/middleware/debug_exceptions.rb:17:in `call'
  actionpack (4.2.5) lib/action_dispatch/middleware/show_exceptions.rb:30:in `call'
  railties (4.2.5) lib/rails/rack/logger.rb:38:in `call_app'
  railties (4.2.5) lib/rails/rack/logger.rb:20:in `block in call'
  activesupport (4.2.5) lib/active_support/tagged_logging.rb:68:in `block in tagged'
  activesupport (4.2.5) lib/active_support/tagged_logging.rb:26:in `tagged'
  activesupport (4.2.5) lib/active_support/tagged_logging.rb:68:in `tagged'
  railties (4.2.5) lib/rails/rack/logger.rb:20:in `call'
  quiet_assets (1.1.0) lib/quiet_assets.rb:27:in `call_with_quiet_assets'
  actionpack (4.2.5) lib/action_dispatch/middleware/request_id.rb:21:in `call'
  rack (1.6.4) lib/rack/methodoverride.rb:22:in `call'
  rack (1.6.4) lib/rack/runtime.rb:18:in `call'
  activesupport (4.2.5) lib/active_support/cache/strategy/local_cache_middleware.rb:28:in `call'
  rack (1.6.4) lib/rack/lock.rb:17:in `call'
  actionpack (4.2.5) lib/action_dispatch/middleware/static.rb:116:in `call'
  rack (1.6.4) lib/rack/sendfile.rb:113:in `call'
  railties (4.2.5) lib/rails/engine.rb:518:in `call'
  railties (4.2.5) lib/rails/application.rb:165:in `call'
  rack (1.6.4) lib/rack/lock.rb:17:in `call'
  rack (1.6.4) lib/rack/content_length.rb:15:in `call'
  rack (1.6.4) lib/rack/handler/webrick.rb:88:in `service'
  /Users/luise/.rvm/rubies/ruby-2.2.1/lib/ruby/2.2.0/webrick/httpserver.rb:138:in `service'
  /Users/luise/.rvm/rubies/ruby-2.2.1/lib/ruby/2.2.0/webrick/httpserver.rb:94:in `run'
  /Users/luise/.rvm/rubies/ruby-2.2.1/lib/ruby/2.2.0/webrick/server.rb:294:in `block in start_thread'


  Rendered /Users/luise/.rvm/gems/ruby-2.2.1/gems/actionpack-4.2.5/lib/action_dispatch/middleware/templates/rescues/_trace.html.erb (1.5ms)
  Rendered /Users/luise/.rvm/gems/ruby-2.2.1/gems/actionpack-4.2.5/lib/action_dispatch/middleware/templates/routes/_route.html.erb (1.4ms)
  Rendered /Users/luise/.rvm/gems/ruby-2.2.1/gems/actionpack-4.2.5/lib/action_dispatch/middleware/templates/routes/_table.html.erb (2.2ms)
  Rendered /Users/luise/.rvm/gems/ruby-2.2.1/gems/actionpack-4.2.5/lib/action_dispatch/middleware/templates/rescues/_request_and_response.html.erb (1.2ms)
  Rendered /Users/luise/.rvm/gems/ruby-2.2.1/gems/actionpack-4.2.5/lib/action_dispatch/middleware/templates/rescues/routing_error.html.erb within rescues/layout (63.4ms)


Started GET "/users/1" for ::1 at 2016-03-18 14:29:21 +0100

ActionController::RoutingError (uninitialized constant UsersController):
  activesupport (4.2.5) lib/active_support/inflector/methods.rb:261:in `const_get'
  activesupport (4.2.5) lib/active_support/inflector/methods.rb:261:in `block in constantize'
  activesupport (4.2.5) lib/active_support/inflector/methods.rb:259:in `each'
  activesupport (4.2.5) lib/active_support/inflector/methods.rb:259:in `inject'
  activesupport (4.2.5) lib/active_support/inflector/methods.rb:259:in `constantize'
  actionpack (4.2.5) lib/action_dispatch/routing/route_set.rb:72:in `controller_reference'
  actionpack (4.2.5) lib/action_dispatch/routing/route_set.rb:62:in `controller'
  actionpack (4.2.5) lib/action_dispatch/routing/route_set.rb:41:in `serve'
  actionpack (4.2.5) lib/action_dispatch/journey/router.rb:43:in `block in serve'
  actionpack (4.2.5) lib/action_dispatch/journey/router.rb:30:in `each'
  actionpack (4.2.5) lib/action_dispatch/journey/router.rb:30:in `serve'
  actionpack (4.2.5) lib/action_dispatch/routing/route_set.rb:817:in `call'
  warden (1.2.3) lib/warden/manager.rb:35:in `block in call'
  warden (1.2.3) lib/warden/manager.rb:34:in `catch'
  warden (1.2.3) lib/warden/manager.rb:34:in `call'
  rack (1.6.4) lib/rack/etag.rb:24:in `call'
  rack (1.6.4) lib/rack/conditionalget.rb:25:in `call'
  rack (1.6.4) lib/rack/head.rb:13:in `call'
  actionpack (4.2.5) lib/action_dispatch/middleware/params_parser.rb:27:in `call'
  actionpack (4.2.5) lib/action_dispatch/middleware/flash.rb:260:in `call'
  rack (1.6.4) lib/rack/session/abstract/id.rb:225:in `context'
  rack (1.6.4) lib/rack/session/abstract/id.rb:220:in `call'
  actionpack (4.2.5) lib/action_dispatch/middleware/cookies.rb:560:in `call'
  activerecord (4.2.5) lib/active_record/query_cache.rb:36:in `call'
  activerecord (4.2.5) lib/active_record/connection_adapters/abstract/connection_pool.rb:653:in `call'
  activerecord (4.2.5) lib/active_record/migration.rb:377:in `call'
  actionpack (4.2.5) lib/action_dispatch/middleware/callbacks.rb:29:in `block in call'
  activesupport (4.2.5) lib/active_support/callbacks.rb:88:in `__run_callbacks__'
  activesupport (4.2.5) lib/active_support/callbacks.rb:778:in `_run_call_callbacks'
  activesupport (4.2.5) lib/active_support/callbacks.rb:81:in `run_callbacks'
  actionpack (4.2.5) lib/action_dispatch/middleware/callbacks.rb:27:in `call'
  actionpack (4.2.5) lib/action_dispatch/middleware/reloader.rb:73:in `call'
  actionpack (4.2.5) lib/action_dispatch/middleware/remote_ip.rb:78:in `call'
  actionpack (4.2.5) lib/action_dispatch/middleware/debug_exceptions.rb:17:in `call'
  actionpack (4.2.5) lib/action_dispatch/middleware/show_exceptions.rb:30:in `call'
  railties (4.2.5) lib/rails/rack/logger.rb:38:in `call_app'
  railties (4.2.5) lib/rails/rack/logger.rb:20:in `block in call'
  activesupport (4.2.5) lib/active_support/tagged_logging.rb:68:in `block in tagged'
  activesupport (4.2.5) lib/active_support/tagged_logging.rb:26:in `tagged'
  activesupport (4.2.5) lib/active_support/tagged_logging.rb:68:in `tagged'
  railties (4.2.5) lib/rails/rack/logger.rb:20:in `call'
  quiet_assets (1.1.0) lib/quiet_assets.rb:27:in `call_with_quiet_assets'
  actionpack (4.2.5) lib/action_dispatch/middleware/request_id.rb:21:in `call'
  rack (1.6.4) lib/rack/methodoverride.rb:22:in `call'
  rack (1.6.4) lib/rack/runtime.rb:18:in `call'
  activesupport (4.2.5) lib/active_support/cache/strategy/local_cache_middleware.rb:28:in `call'
  rack (1.6.4) lib/rack/lock.rb:17:in `call'
  actionpack (4.2.5) lib/action_dispatch/middleware/static.rb:116:in `call'
  rack (1.6.4) lib/rack/sendfile.rb:113:in `call'
  railties (4.2.5) lib/rails/engine.rb:518:in `call'
  railties (4.2.5) lib/rails/application.rb:165:in `call'
  rack (1.6.4) lib/rack/lock.rb:17:in `call'
  rack (1.6.4) lib/rack/content_length.rb:15:in `call'
  rack (1.6.4) lib/rack/handler/webrick.rb:88:in `service'
  /Users/luise/.rvm/rubies/ruby-2.2.1/lib/ruby/2.2.0/webrick/httpserver.rb:138:in `service'
  /Users/luise/.rvm/rubies/ruby-2.2.1/lib/ruby/2.2.0/webrick/httpserver.rb:94:in `run'
  /Users/luise/.rvm/rubies/ruby-2.2.1/lib/ruby/2.2.0/webrick/server.rb:294:in `block in start_thread'


  Rendered /Users/luise/.rvm/gems/ruby-2.2.1/gems/actionpack-4.2.5/lib/action_dispatch/middleware/templates/rescues/_trace.html.erb (1.6ms)
  Rendered /Users/luise/.rvm/gems/ruby-2.2.1/gems/actionpack-4.2.5/lib/action_dispatch/middleware/templates/routes/_route.html.erb (1.3ms)
  Rendered /Users/luise/.rvm/gems/ruby-2.2.1/gems/actionpack-4.2.5/lib/action_dispatch/middleware/templates/routes/_table.html.erb (1.0ms)
  Rendered /Users/luise/.rvm/gems/ruby-2.2.1/gems/actionpack-4.2.5/lib/action_dispatch/middleware/templates/rescues/_request_and_response.html.erb (1.1ms)
  Rendered /Users/luise/.rvm/gems/ruby-2.2.1/gems/actionpack-4.2.5/lib/action_dispatch/middleware/templates/rescues/routing_error.html.erb within rescues/layout (60.0ms)


Started GET "/users/edit" for ::1 at 2016-03-18 14:29:28 +0100
Processing by Devise::RegistrationsController#edit as HTML
  [1m[36mUser Load (0.1ms)[0m  [1mSELECT  "users".* FROM "users" WHERE "users"."id" = ?  ORDER BY "users"."id" ASC LIMIT 1[0m  [["id", 1]]
  Rendered /Users/luise/.rvm/gems/ruby-2.2.1/gems/devise-3.5.2/app/views/devise/registrations/edit.html.erb within layouts/application (5.8ms)
Completed 200 OK in 36ms (Views: 34.6ms | ActiveRecord: 0.1ms)


Started GET "/welcome/index" for ::1 at 2016-03-18 14:41:36 +0100
Processing by WelcomeController#index as HTML
  Rendered welcome/index.html.erb within layouts/application (0.4ms)
  [1m[35mUser Load (0.1ms)[0m  SELECT  "users".* FROM "users" WHERE "users"."id" = ?  ORDER BY "users"."id" ASC LIMIT 1  [["id", 1]]
Completed 200 OK in 40ms (Views: 36.2ms | ActiveRecord: 0.6ms)


Started GET "/users/sign_in" for ::1 at 2016-03-18 14:41:38 +0100
Processing by Devise::SessionsController#new as HTML
  [1m[36mUser Load (0.1ms)[0m  [1mSELECT  "users".* FROM "users" WHERE "users"."id" = ?  ORDER BY "users"."id" ASC LIMIT 1[0m  [["id", 1]]
Redirected to http://localhost:3000/
Filter chain halted as :require_no_authentication rendered or redirected
Completed 302 Found in 2ms (ActiveRecord: 0.1ms)


Started GET "/" for ::1 at 2016-03-18 14:41:38 +0100
Processing by WelcomeController#index as HTML
  Rendered welcome/index.html.erb within layouts/application (0.1ms)
  [1m[35mUser Load (0.1ms)[0m  SELECT  "users".* FROM "users" WHERE "users"."id" = ?  ORDER BY "users"."id" ASC LIMIT 1  [["id", 1]]
Completed 200 OK in 24ms (Views: 23.6ms | ActiveRecord: 0.1ms)


Started DELETE "/users/sign_out" for ::1 at 2016-03-18 14:41:42 +0100
Processing by Devise::SessionsController#destroy as HTML
  Parameters: {"authenticity_token"=>"q29u+WkzxzOuyXFN3I5elTRwtwtYqGpq8MhmkmhF3DgJSZuyeddktI0mMYuGaowXjOyhKPuG3wq9KqK0Q6Yf9Q=="}
  [1m[36mUser Load (0.1ms)[0m  [1mSELECT  "users".* FROM "users" WHERE "users"."id" = ?  ORDER BY "users"."id" ASC LIMIT 1[0m  [["id", 1]]
  [1m[35m (0.1ms)[0m  begin transaction
  [1m[36m (0.0ms)[0m  [1mcommit transaction[0m
Redirected to http://localhost:3000/
Completed 302 Found in 5ms (ActiveRecord: 0.2ms)


Started GET "/" for ::1 at 2016-03-18 14:41:42 +0100
Processing by WelcomeController#index as HTML
  Rendered welcome/index.html.erb within layouts/application (0.2ms)
Completed 200 OK in 24ms (Views: 23.6ms | ActiveRecord: 0.0ms)


Started GET "/users/sign_up" for ::1 at 2016-03-18 14:41:44 +0100
Processing by Devise::RegistrationsController#new as HTML
  Rendered /Users/luise/.rvm/gems/ruby-2.2.1/gems/devise-3.5.2/app/views/devise/shared/_links.html.erb (1.1ms)
  Rendered /Users/luise/.rvm/gems/ruby-2.2.1/gems/devise-3.5.2/app/views/devise/registrations/new.html.erb within layouts/application (6.2ms)
Completed 200 OK in 34ms (Views: 33.3ms | ActiveRecord: 0.0ms)


Started GET "/welcome/index" for ::1 at 2016-03-18 14:41:53 +0100
Processing by WelcomeController#index as HTML
  Rendered welcome/index.html.erb within layouts/application (0.2ms)
Completed 200 OK in 24ms (Views: 23.9ms | ActiveRecord: 0.0ms)


Started GET "/users/sign_in" for ::1 at 2016-03-18 14:42:24 +0100
Processing by Devise::SessionsController#new as HTML
  Rendered /Users/luise/.rvm/gems/ruby-2.2.1/gems/devise-3.5.2/app/views/devise/shared/_links.html.erb (2.0ms)
  Rendered /Users/luise/.rvm/gems/ruby-2.2.1/gems/devise-3.5.2/app/views/devise/sessions/new.html.erb within layouts/application (6.3ms)
Completed 200 OK in 41ms (Views: 40.4ms | ActiveRecord: 0.0ms)


Started POST "/users/sign_in" for ::1 at 2016-03-18 14:42:41 +0100
Processing by Devise::SessionsController#create as HTML
  Parameters: {"utf8"=>"✓", "authenticity_token"=>"RN9z9O6bnBScIYiBlg/qM9/UxsBcFaDsE5LbrtE0QKpsrLxH6ne1AV6WOVEygO4HQhtVtgTgzNzhSdXtXnCGfw==", "user"=>{"email"=>"luise.rauch@gmail.com", "password"=>"[FILTERED]", "remember_me"=>"0"}, "commit"=>"Log in"}
  [1m[35mUser Load (0.2ms)[0m  SELECT  "users".* FROM "users" WHERE "users"."email" = ?  ORDER BY "users"."id" ASC LIMIT 1  [["email", "luise.rauch@gmail.com"]]
  [1m[36m (0.1ms)[0m  [1mbegin transaction[0m
  [1m[35mSQL (0.3ms)[0m  UPDATE "users" SET "current_sign_in_at" = ?, "sign_in_count" = ?, "updated_at" = ? WHERE "users"."id" = ?  [["current_sign_in_at", "2016-03-18 13:42:41.496922"], ["sign_in_count", 2], ["updated_at", "2016-03-18 13:42:41.497707"], ["id", 1]]
  [1m[36m (0.5ms)[0m  [1mcommit transaction[0m
Redirected to http://localhost:3000/
Completed 302 Found in 67ms (ActiveRecord: 1.1ms)


Started GET "/" for ::1 at 2016-03-18 14:42:41 +0100
Processing by WelcomeController#index as HTML
  Rendered welcome/index.html.erb within layouts/application (0.1ms)
  [1m[35mUser Load (0.1ms)[0m  SELECT  "users".* FROM "users" WHERE "users"."id" = ?  ORDER BY "users"."id" ASC LIMIT 1  [["id", 1]]
Completed 200 OK in 23ms (Views: 22.6ms | ActiveRecord: 0.1ms)


Started DELETE "/users/sign_out" for ::1 at 2016-03-18 14:43:41 +0100
Processing by Devise::SessionsController#destroy as HTML
  Parameters: {"authenticity_token"=>"NUPmTvvcwcSN5gf93GQPwTpn/lReCJenrS+5zM25YHKshqtUGRO62pFJWKrLpFzMMl+k0BJAdPXrr2q+pz+zuQ=="}
  [1m[36mUser Load (0.1ms)[0m  [1mSELECT  "users".* FROM "users" WHERE "users"."id" = ?  ORDER BY "users"."id" ASC LIMIT 1[0m  [["id", 1]]
  [1m[35m (0.0ms)[0m  begin transaction
  [1m[36m (0.0ms)[0m  [1mcommit transaction[0m
Redirected to http://localhost:3000/
Completed 302 Found in 3ms (ActiveRecord: 0.2ms)


Started GET "/" for ::1 at 2016-03-18 14:43:41 +0100
Processing by WelcomeController#index as HTML
  Rendered welcome/index.html.erb within layouts/application (0.1ms)
Completed 200 OK in 23ms (Views: 22.5ms | ActiveRecord: 0.0ms)


Started GET "/" for ::1 at 2016-03-18 14:43:46 +0100
Processing by WelcomeController#index as HTML
  Rendered welcome/index.html.erb within layouts/application (0.1ms)
Completed 200 OK in 23ms (Views: 22.6ms | ActiveRecord: 0.0ms)


Started GET "/users/sign_in" for ::1 at 2016-03-18 14:43:50 +0100
Processing by Devise::SessionsController#new as HTML
  Rendered /Users/luise/.rvm/gems/ruby-2.2.1/gems/devise-3.5.2/app/views/devise/shared/_links.html.erb (2.1ms)
  Rendered /Users/luise/.rvm/gems/ruby-2.2.1/gems/devise-3.5.2/app/views/devise/sessions/new.html.erb within layouts/application (7.1ms)
Completed 200 OK in 35ms (Views: 34.2ms | ActiveRecord: 0.0ms)


Started GET "/users/sign_in" for ::1 at 2016-03-18 14:43:53 +0100
Processing by Devise::SessionsController#new as HTML
  Rendered /Users/luise/.rvm/gems/ruby-2.2.1/gems/devise-3.5.2/app/views/devise/shared/_links.html.erb (1.9ms)
  Rendered /Users/luise/.rvm/gems/ruby-2.2.1/gems/devise-3.5.2/app/views/devise/sessions/new.html.erb within layouts/application (6.7ms)
Completed 200 OK in 40ms (Views: 39.1ms | ActiveRecord: 0.0ms)


Started GET "/" for ::1 at 2016-03-18 14:45:14 +0100
Processing by WelcomeController#index as HTML
  Rendered welcome/index.html.erb within layouts/application (0.7ms)
Completed 200 OK in 24ms (Views: 23.2ms | ActiveRecord: 0.0ms)


Started GET "/" for ::1 at 2016-03-18 14:45:29 +0100
Processing by WelcomeController#index as HTML
  Rendered welcome/index.html.erb within layouts/application (0.5ms)
Completed 200 OK in 23ms (Views: 22.8ms | ActiveRecord: 0.0ms)


Started GET "/welcome/index" for ::1 at 2016-03-18 14:48:41 +0100
Processing by WelcomeController#index as HTML
  Rendered welcome/index.html.erb within layouts/application (0.6ms)
Completed 200 OK in 25ms (Views: 24.5ms | ActiveRecord: 0.0ms)


Started GET "/users/sign_in" for ::1 at 2016-03-18 14:52:02 +0100
Processing by Devise::SessionsController#new as HTML
  Rendered devise/shared/_links.html.erb (3.0ms)
  Rendered devise/sessions/new.html.erb within layouts/application (8.0ms)
Completed 200 OK in 47ms (Views: 45.7ms | ActiveRecord: 0.0ms)


Started GET "/users/sign_in" for ::1 at 2016-03-18 14:52:28 +0100
Processing by Devise::SessionsController#new as HTML
  Rendered devise/shared/_links.html.erb (1.8ms)
  Rendered devise/sessions/new.html.erb within layouts/application (5.8ms)
Completed 200 OK in 31ms (Views: 29.7ms | ActiveRecord: 0.0ms)


Started GET "/users/sign_in" for ::1 at 2016-03-18 14:55:55 +0100
Processing by Devise::SessionsController#new as HTML
  Rendered devise/shared/_links.html.erb (2.2ms)
  Rendered devise/sessions/new.html.erb within layouts/application (6.7ms)
Completed 200 OK in 32ms (Views: 31.1ms | ActiveRecord: 0.0ms)


Started POST "/users/sign_in" for ::1 at 2016-03-18 14:56:10 +0100
Processing by Devise::SessionsController#create as HTML
  Parameters: {"utf8"=>"✓", "authenticity_token"=>"EDWnyHRnLaro4WUMAfzgJdxP0DJxJZLM/iTCCMP3nRzSn0/dxDyxXySQqoqx31cjNPIe3M94kfyzvOUet4gWmQ==", "user"=>{"login"=>"luise.rauch@gmail.com", "password"=>"[FILTERED]", "remember_me"=>"0"}, "commit"=>"Log in"}
Completed 401 Unauthorized in 1ms (ActiveRecord: 0.0ms)
Processing by Devise::SessionsController#new as HTML
  Parameters: {"utf8"=>"✓", "authenticity_token"=>"EDWnyHRnLaro4WUMAfzgJdxP0DJxJZLM/iTCCMP3nRzSn0/dxDyxXySQqoqx31cjNPIe3M94kfyzvOUet4gWmQ==", "user"=>{"login"=>"luise.rauch@gmail.com", "password"=>"[FILTERED]", "remember_me"=>"0"}, "commit"=>"Log in"}
  Rendered devise/shared/_links.html.erb (1.8ms)
  Rendered devise/sessions/new.html.erb within layouts/application (5.9ms)
Completed 200 OK in 90ms (Views: 32.1ms | ActiveRecord: 0.0ms)


Started POST "/users/sign_in" for ::1 at 2016-03-18 14:56:17 +0100
Processing by Devise::SessionsController#create as HTML
  Parameters: {"utf8"=>"✓", "authenticity_token"=>"RcbEUdpnKwfZC9HwHF8wNwNJGVMT4ExS8xDWJb0IUpyHbCxEajy38hV6HnasfIcx6/TXva29T2K+iPEzyXfZGQ==", "user"=>{"login"=>"luise.rauch@gmail.com", "password"=>"[FILTERED]", "remember_me"=>"0"}, "commit"=>"Log in"}
Completed 401 Unauthorized in 1ms (ActiveRecord: 0.0ms)
Processing by Devise::SessionsController#new as HTML
  Parameters: {"utf8"=>"✓", "authenticity_token"=>"RcbEUdpnKwfZC9HwHF8wNwNJGVMT4ExS8xDWJb0IUpyHbCxEajy38hV6HnasfIcx6/TXva29T2K+iPEzyXfZGQ==", "user"=>{"login"=>"luise.rauch@gmail.com", "password"=>"[FILTERED]", "remember_me"=>"0"}, "commit"=>"Log in"}
  Rendered devise/shared/_links.html.erb (2.0ms)
  Rendered devise/sessions/new.html.erb within layouts/application (6.1ms)
Completed 200 OK in 91ms (Views: 32.6ms | ActiveRecord: 0.0ms)


Started POST "/users/sign_in" for ::1 at 2016-03-18 14:56:31 +0100
Processing by Devise::SessionsController#create as HTML
  Parameters: {"utf8"=>"✓", "authenticity_token"=>"i+8xIJFRmscNawyizEt4RKU+JnNSR+/l2wKgjl6FZ29JRdk1IQoGMsEawyR8aM9CTYPonewa7NWWmoeYKvrs6g==", "user"=>{"login"=>"luise.rauch@gmail.com", "password"=>"[FILTERED]", "remember_me"=>"0"}, "commit"=>"Log in"}
Completed 401 Unauthorized in 1ms (ActiveRecord: 0.0ms)
Processing by Devise::SessionsController#new as HTML
  Parameters: {"utf8"=>"✓", "authenticity_token"=>"i+8xIJFRmscNawyizEt4RKU+JnNSR+/l2wKgjl6FZ29JRdk1IQoGMsEawyR8aM9CTYPonewa7NWWmoeYKvrs6g==", "user"=>{"login"=>"luise.rauch@gmail.com", "password"=>"[FILTERED]", "remember_me"=>"0"}, "commit"=>"Log in"}
  Rendered devise/shared/_links.html.erb (1.9ms)
  Rendered devise/sessions/new.html.erb within layouts/application (6.9ms)
Completed 200 OK in 34ms (Views: 33.6ms | ActiveRecord: 0.0ms)


Started POST "/users/sign_in" for ::1 at 2016-03-18 14:56:36 +0100
Processing by Devise::SessionsController#create as HTML
  Parameters: {"utf8"=>"✓", "authenticity_token"=>"Im9wPGcNeVuqgnIo88oYHwsPFLNwJLIetS44uHqALBTgxZgp11blrmbzva5D6a8Z47LaXc55sS74th+uDv+nkQ==", "user"=>{"login"=>"luise.rauch@gmail.com", "password"=>"[FILTERED]", "remember_me"=>"0"}, "commit"=>"Log in"}
Completed 401 Unauthorized in 1ms (ActiveRecord: 0.0ms)
Processing by Devise::SessionsController#new as HTML
  Parameters: {"utf8"=>"✓", "authenticity_token"=>"Im9wPGcNeVuqgnIo88oYHwsPFLNwJLIetS44uHqALBTgxZgp11blrmbzva5D6a8Z47LaXc55sS74th+uDv+nkQ==", "user"=>{"login"=>"luise.rauch@gmail.com", "password"=>"[FILTERED]", "remember_me"=>"0"}, "commit"=>"Log in"}
  Rendered devise/shared/_links.html.erb (1.9ms)
  Rendered devise/sessions/new.html.erb within layouts/application (6.1ms)
Completed 200 OK in 101ms (Views: 42.4ms | ActiveRecord: 0.0ms)


Started GET "/users/sign_up" for ::1 at 2016-03-18 14:56:47 +0100
Processing by Devise::RegistrationsController#new as HTML
  Rendered devise/shared/_links.html.erb (1.4ms)
  Rendered devise/registrations/new.html.erb within layouts/application (7.4ms)
Completed 200 OK in 43ms (Views: 42.2ms | ActiveRecord: 0.0ms)


Started POST "/users/sign_in" for ::1 at 2016-03-18 15:04:56 +0100
Processing by Devise::SessionsController#create as HTML
  Parameters: {"utf8"=>"✓", "authenticity_token"=>"O72FZFma8LwluY+7YQTBS+kQcISB4l+xMdvlGp+L/Yb5F21x6cFsSenIQD3RJ3ZNAa2+aj+/XIF8Q8IM6/R2Aw==", "user"=>{"login"=>"luise.rauch@gmail.com", "password"=>"[FILTERED]", "remember_me"=>"0"}, "commit"=>"Log in"}
Completed 401 Unauthorized in 1ms (ActiveRecord: 0.0ms)
Processing by Devise::SessionsController#new as HTML
  Parameters: {"utf8"=>"✓", "authenticity_token"=>"O72FZFma8LwluY+7YQTBS+kQcISB4l+xMdvlGp+L/Yb5F21x6cFsSenIQD3RJ3ZNAa2+aj+/XIF8Q8IM6/R2Aw==", "user"=>{"login"=>"luise.rauch@gmail.com", "password"=>"[FILTERED]", "remember_me"=>"0"}, "commit"=>"Log in"}
  Rendered devise/shared/_links.html.erb (2.2ms)
  Rendered devise/sessions/new.html.erb within layouts/application (7.7ms)
Completed 200 OK in 108ms (Views: 49.2ms | ActiveRecord: 0.0ms)
